<?xml version="1.0" encoding="UTF-8"?>
<testsuite xmlns:xsi="http://www.w3.org/2001/XMLSchema-instance" xsi:noNamespaceSchemaLocation="https://maven.apache.org/surefire/maven-surefire-plugin/xsd/surefire-test-report-3.0.xsd" version="3.0" name="mediaSoft.storage.StorageApplicationTests" time="2.448" tests="1" errors="0" skipped="0" failures="0">
  <properties>
[...]
</properties>
  <testcase name="contextLoads" classname="mediaSoft.storage.StorageApplicationTests" time="0.317">
    <system-out><![CDATA[17:34:29.873 [main] INFO org.springframework.test.context.support.AnnotationConfigContextLoaderUtils -- Could not detect default configuration classes for test class [mediaSoft.storage.StorageApplicationTests]: StorageApplicationTests does not declare any static, non-private, non-final, nested classes annotated with @Configuration.
17:34:29.918 [main] INFO org.springframework.boot.test.context.SpringBootTestContextBootstrapper -- Found @SpringBootConfiguration mediaSoft.storage.StorageApplication for test class mediaSoft.storage.StorageApplicationTests

  .   ____          _            __ _ _
 /\\ / ___'_ __ _ _(_)_ __  __ _ \ \ \ \
( ( )\___ | '_ | '_| | '_ \/ _` | \ \ \ \
 \\/  ___)| |_)| | | | | || (_| |  ) ) ) )
  '  |____| .__|_| |_|_| |_\__, | / / / /
 =========|_|==============|___/=/_/_/_/
 :: Spring Boot ::                (v3.2.4)

2024-03-30T17:34:30.096+04:00  INFO 25408 --- [storage] [           main] m.storage.StorageApplicationTests        : Starting StorageApplicationTests using Java 19.0.2 with PID 25408 (started by vleg1991 in /Users/vleg1991/IdeaProjects/own/storage)
2024-03-30T17:34:30.097+04:00  INFO 25408 --- [storage] [           main] m.storage.StorageApplicationTests        : The following 1 profile is active: "test"
2024-03-30T17:34:30.439+04:00  INFO 25408 --- [storage] [           main] .s.d.r.c.RepositoryConfigurationDelegate : Bootstrapping Spring Data JPA repositories in DEFAULT mode.
2024-03-30T17:34:30.463+04:00  INFO 25408 --- [storage] [           main] .s.d.r.c.RepositoryConfigurationDelegate : Finished Spring Data repository scanning in 20 ms. Found 1 JPA repository interface.
2024-03-30T17:34:30.667+04:00  INFO 25408 --- [storage] [           main] com.zaxxer.hikari.HikariDataSource       : HikariPool-1 - Starting...
2024-03-30T17:34:30.773+04:00  INFO 25408 --- [storage] [           main] com.zaxxer.hikari.pool.HikariPool        : HikariPool-1 - Added connection conn0: url=jdbc:h2:./test_goods_db user=
2024-03-30T17:34:30.774+04:00  INFO 25408 --- [storage] [           main] com.zaxxer.hikari.HikariDataSource       : HikariPool-1 - Start completed.
2024-03-30T17:34:30.803+04:00  INFO 25408 --- [storage] [           main] o.f.c.internal.license.VersionPrinter    : Flyway Community Edition 9.22.3 by Redgate
2024-03-30T17:34:30.803+04:00  INFO 25408 --- [storage] [           main] o.f.c.internal.license.VersionPrinter    : See release notes here: https://rd.gt/416ObMi
2024-03-30T17:34:30.803+04:00  INFO 25408 --- [storage] [           main] o.f.c.internal.license.VersionPrinter    : 
2024-03-30T17:34:30.822+04:00  INFO 25408 --- [storage] [           main] org.flywaydb.core.FlywayExecutor         : Database: jdbc:h2:./test_goods_db (H2 2.2)
2024-03-30T17:34:30.827+04:00  WARN 25408 --- [storage] [           main] o.f.c.internal.database.base.Database    : Flyway upgrade recommended: H2 2.2.224 is newer than this version of Flyway and support has not been tested. The latest supported version of H2 is 2.2.220.
2024-03-30T17:34:30.835+04:00  INFO 25408 --- [storage] [           main] o.f.c.i.s.JdbcTableSchemaHistory         : Schema history table "PUBLIC"."flyway_schema_history" does not exist yet
2024-03-30T17:34:30.836+04:00  INFO 25408 --- [storage] [           main] o.f.core.internal.command.DbValidate     : Successfully validated 1 migration (execution time 00:00.005s)
2024-03-30T17:34:30.839+04:00  INFO 25408 --- [storage] [           main] o.f.c.i.s.JdbcTableSchemaHistory         : Creating Schema History table "PUBLIC"."flyway_schema_history" ...
2024-03-30T17:34:30.850+04:00  INFO 25408 --- [storage] [           main] o.f.core.internal.command.DbMigrate      : Current version of schema "PUBLIC": << Empty Schema >>
2024-03-30T17:34:30.852+04:00  INFO 25408 --- [storage] [           main] o.f.core.internal.command.DbMigrate      : Migrating schema "PUBLIC" to version "001 - init"
2024-03-30T17:34:30.858+04:00  INFO 25408 --- [storage] [           main] o.f.core.internal.command.DbMigrate      : Successfully applied 1 migration to schema "PUBLIC", now at version v001 (execution time 00:00.001s)
2024-03-30T17:34:30.905+04:00  INFO 25408 --- [storage] [           main] o.hibernate.jpa.internal.util.LogHelper  : HHH000204: Processing PersistenceUnitInfo [name: default]
2024-03-30T17:34:30.936+04:00  INFO 25408 --- [storage] [           main] org.hibernate.Version                    : HHH000412: Hibernate ORM core version 6.4.4.Final
2024-03-30T17:34:30.952+04:00  INFO 25408 --- [storage] [           main] o.h.c.internal.RegionFactoryInitiator    : HHH000026: Second-level cache disabled
2024-03-30T17:34:31.049+04:00  INFO 25408 --- [storage] [           main] o.s.o.j.p.SpringPersistenceUnitInfo      : No LoadTimeWeaver setup: ignoring JPA class transformer
2024-03-30T17:34:31.478+04:00  INFO 25408 --- [storage] [           main] o.h.e.t.j.p.i.JtaPlatformInitiator       : HHH000489: No JTA platform available (set 'hibernate.transaction.jta.platform' to enable JTA platform integration)
2024-03-30T17:34:31.479+04:00  INFO 25408 --- [storage] [           main] j.LocalContainerEntityManagerFactoryBean : Initialized JPA EntityManagerFactory for persistence unit 'default'
2024-03-30T17:34:31.697+04:00  WARN 25408 --- [storage] [           main] JpaBaseConfiguration$JpaWebConfiguration : spring.jpa.open-in-view is enabled by default. Therefore, database queries may be performed during view rendering. Explicitly configure spring.jpa.open-in-view to disable this warning
2024-03-30T17:34:31.914+04:00  INFO 25408 --- [storage] [           main] m.storage.StorageApplicationTests        : Started StorageApplicationTests in 1.939 seconds (process running for 2.346)
]]></system-out>
  </testcase>
</testsuite>